<?xml version="1.0" encoding="UTF-8"?>
<testng-results ignored="0" total="1" passed="1" failed="0" skipped="0">
  <reporter-output>
  </reporter-output>
  <suite started-at="2024-06-17T22:19:16 IST" name="Default suite" finished-at="2024-06-17T22:19:44 IST" duration-ms="27808">
    <groups>
    </groups>
    <test started-at="2024-06-17T22:19:16 IST" name="Default test" finished-at="2024-06-17T22:19:44 IST" duration-ms="27808">
      <class name="tests.TravelTest">
        <test-method signature="travel()[pri:0, instance:tests.TravelTest@6b9267b]" started-at="2024-06-17T22:19:16 IST" name="travel" finished-at="2024-06-17T22:19:40 IST" duration-ms="23994" status="PASS">
          <reporter-output>
          </reporter-output>
        </test-method> <!-- travel -->
        <test-method is-config="true" signature="teardown()[pri:0, instance:tests.TravelTest@6b9267b]" started-at="2024-06-17T22:19:40 IST" name="teardown" finished-at="2024-06-17T22:19:44 IST" duration-ms="3486" status="PASS">
          <reporter-output>
          </reporter-output>
        </test-method> <!-- teardown -->
      </class> <!-- tests.TravelTest -->
    </test> <!-- Default test -->
  </suite> <!-- Default suite -->
</testng-results>
